TN:
SF:/workspaces/climate_control_2/firmware/0_core/c_errors/src/c_errors.c
FN:125,132,err_get_total_counter
FN:134,142,err_reset_all
FN:23,31,err_is_id_correct
FN:33,38,err_is_type_correct
FN:40,59,err_raise_error
FN:61,80,err_get_info
FN:82,91,err_reset_counter_and_flag
FN:93,109,err_has_unhandled_errors
FNDA:8,err_get_total_counter
FNDA:43,err_reset_all
FNDA:202587,err_is_id_correct
FNDA:1392,err_is_type_correct
FNDA:199866,err_raise_error
FNDA:1442,err_get_info
FNDA:197,err_reset_counter_and_flag
FNDA:320,err_has_unhandled_errors
FNF:8
FNH:8
DA:23,202587
DA:25,202587
DA:26,17
DA:28,17
DA:30,17
DA:33,1392
DA:35,1392
DA:36,14
DA:37,14
DA:40,199866
DA:42,199866
DA:44,199866
DA:46,199866
DA:48,196860
DA:51,199866
DA:53,196866
DA:55,199866
DA:58,0
DA:61,1442
DA:63,1442
DA:65,0
DA:66,0
DA:69,1442
DA:71,1439
DA:72,1439
DA:73,1439
DA:74,1439
DA:75,1439
DA:76,1439
DA:77,1439
DA:79,3
DA:82,197
DA:84,197
DA:86,191
DA:87,191
DA:88,191
DA:90,6
DA:93,320
DA:95,320
DA:97,2428
DA:99,2237
DA:101,213
DA:103,123
DA:108,197
DA:125,8
DA:127,8
DA:129,8
DA:131,0
DA:134,43
DA:136,473
DA:138,430
DA:139,430
DA:140,430
DA:142,43
LF:54
LH:50
end_of_record
TN:
SF:/workspaces/climate_control_2/firmware/0_core/c_errors/test/c_errors_test.c
FN:6,175,main
FNDA:3,main
FNF:1
FNH:1
DA:6,3
DA:14,33
DA:16,30
DA:17,30
DA:18,30
DA:19,30
DA:20,30
DA:21,30
DA:22,30
DA:23,30
DA:25,3
DA:28,3
DA:29,3
DA:30,3
DA:31,3
DA:32,3
DA:36,3
DA:40,3
DA:43,33
DA:45,30
DA:46,30
DA:48,30
DA:49,30
DA:50,30
DA:51,30
DA:52,30
DA:53,30
DA:54,30
DA:55,30
DA:57,3
DA:60,33
DA:63,30
DA:64,30
DA:65,30
DA:66,30
DA:67,30
DA:68,30
DA:69,30
DA:70,30
DA:71,30
DA:73,3
DA:74,3
DA:78,3
DA:79,3
DA:82,3
DA:83,3
DA:84,3
DA:85,3
DA:86,3
DA:87,3
DA:88,3
DA:91,3
DA:92,3
DA:93,3
DA:94,3
DA:95,3
DA:96,3
DA:97,3
DA:98,3
DA:99,3
DA:103,3
DA:106,3
DA:107,3
DA:110,3
DA:111,3
DA:112,3
DA:115,3
DA:116,3
DA:117,3
DA:118,3
DA:119,3
DA:120,3
DA:124,33
DA:126,30
DA:130,33
DA:133,30
DA:134,30
DA:136,30
DA:138,30
DA:140,180
DA:142,150
DA:144,90
DA:148,30
DA:150,3
DA:153,199608
DA:155,199605
DA:157,3
DA:158,3
DA:159,3
DA:160,3
DA:163,3
DA:164,33
DA:166,30
DA:167,30
DA:168,30
DA:169,30
DA:171,3
LF:97
LH:97
end_of_record
TN:
SF:/workspaces/climate_control_2/firmware/1_libs/c_buffer/src/c_buffer.c
FN:109,113,buf_get_arr_ptr
FN:115,127,buf_get_size_left
FN:129,134,buf_get_is_empty
FN:32,37,buf_is_id_correct
FN:39,52,buf_will_this_data_fit
FN:55,68,buf_write_char
FN:70,76,buf_write_int
FN:78,91,buf_write_float
FN:93,105,buf_clear
FNDA:344,buf_get_arr_ptr
FNDA:4302,buf_get_size_left
FNDA:710,buf_get_is_empty
FNDA:10370,buf_is_id_correct
FNDA:3882,buf_will_this_data_fit
FNDA:3700,buf_write_char
FNDA:556,buf_write_int
FNDA:10,buf_write_float
FNDA:242,buf_clear
FNF:9
FNH:9
DA:32,10370
DA:34,10370
DA:35,20
DA:36,20
DA:39,3882
DA:41,3882
DA:43,4
DA:44,4
DA:47,3878
DA:49,3878
DA:51,3830
DA:55,3700
DA:57,3700
DA:58,3694
DA:60,4
DA:61,4
DA:64,3690
DA:65,3690
DA:67,3690
DA:70,556
DA:74,556
DA:75,556
DA:78,10
DA:81,10
DA:83,2
DA:84,2
DA:88,8
DA:90,8
DA:93,242
DA:95,242
DA:97,240
DA:103,240
DA:104,240
DA:109,344
DA:111,344
DA:112,342
DA:115,4302
DA:117,4302
DA:119,4298
DA:129,710
DA:131,710
DA:132,708
DA:133,2
LF:43
LH:43
end_of_record
TN:
SF:/workspaces/climate_control_2/firmware/1_libs/c_buffer/test/c_buffer_test.c
FN:8,123,main
FNDA:2,main
FNF:1
FNH:1
DA:8,2
DA:13,6
DA:15,4
DA:16,4
DA:17,4
DA:18,4
DA:23,2
DA:24,2
DA:26,2
DA:28,2
DA:29,2
DA:30,2
DA:32,2
DA:35,2
DA:36,2
DA:37,2
DA:38,2
DA:39,2
DA:42,2
DA:43,2
DA:44,2
DA:45,2
DA:48,2
DA:49,2
DA:50,2
DA:51,2
DA:54,2
DA:56,2
DA:57,2
DA:58,2
DA:59,2
DA:61,2
DA:62,2
DA:63,2
DA:64,2
DA:65,2
DA:66,2
DA:67,2
DA:71,2
DA:72,2
DA:73,2
DA:74,2
DA:75,2
DA:80,2
DA:81,2048
DA:83,2046
DA:86,2
DA:87,2
DA:91,2
DA:94,2
DA:95,2
DA:96,2
DA:97,2
DA:98,2
DA:101,2
DA:102,2
DA:103,2
DA:104,2
DA:105,2
DA:108,2
DA:109,2
DA:110,2
DA:111,2
DA:112,2
DA:113,2
DA:114,2
DA:115,2
DA:116,2
DA:118,2
DA:119,2
DA:120,2
DA:122,2
LF:72
LH:72
end_of_record
TN:
SF:/workspaces/climate_control_2/firmware/2_services/c_errors_writer/src/c_errors_writer.c
FN:30,54,errwr__write_one_err
FN:7,28,errwr__write_error_to_buffer
FNDA:1070,errwr__write_one_err
FNDA:184,errwr__write_error_to_buffer
FNF:2
FNH:2
DA:7,184
DA:10,184
DA:12,184
DA:14,0
DA:15,0
DA:18,184
DA:19,184
DA:20,184
DA:21,184
DA:22,184
DA:23,184
DA:24,184
DA:25,184
DA:27,184
DA:30,1070
DA:32,1070
DA:33,1068
DA:34,1066
DA:37,1064
DA:39,1064
DA:41,404
DA:43,184
DA:44,184
DA:45,184
DA:46,140
DA:47,140
DA:49,98
DA:53,1020
LF:28
LH:26
end_of_record
TN:
SF:/workspaces/climate_control_2/firmware/2_services/c_errors_writer/test/c_errors_writer_test.c
FN:9,142,main
FNDA:2,main
FNF:1
FNH:1
DA:9,2
DA:13,2
DA:14,2
DA:17,2
DA:18,2
DA:19,2
DA:20,2
DA:23,2
DA:24,2
DA:25,2
DA:26,2
DA:29,2
DA:30,2
DA:31,2
DA:32,2
DA:36,12
DA:38,110
DA:40,100
DA:41,100
DA:45,2
DA:48,22
DA:50,20
DA:51,20
DA:52,20
DA:54,2
DA:57,2
DA:58,22
DA:60,20
DA:63,2
DA:64,2
DA:68,2
DA:69,2
DA:70,2
DA:73,122
DA:75,120
DA:76,120
DA:78,76
DA:83,44
DA:88,2
DA:90,2
DA:91,2
DA:93,2
DA:96,2
DA:97,2
DA:98,2
DA:101,22
DA:104,20
DA:105,20
DA:108,120
DA:110,100
DA:112,660
DA:114,600
DA:115,600
DA:121,20
DA:122,220
DA:124,200
DA:125,200
DA:126,200
DA:128,20
DA:132,20
DA:135,20
DA:138,20
DA:139,20
DA:141,2
LF:64
LH:64
end_of_record
